<?xml version="1.0" encoding="UTF-8"?>
<testng-results skipped="1" failed="0" total="1" passed="0">
  <reporter-output>
  </reporter-output>
  <suite name="Default suite" duration-ms="34804" started-at="2019-07-28T13:37:40Z" finished-at="2019-07-28T13:38:15Z">
    <groups>
    </groups>
    <test name="Default test" duration-ms="34804" started-at="2019-07-28T13:37:40Z" finished-at="2019-07-28T13:38:15Z">
      <class name="com.seleniumeasy.RunnerClass.DriverScript">
        <test-method status="PASS" signature="browserLaunch()[pri:0, instance:com.seleniumeasy.RunnerClass.DriverScript@357246de]" name="browserLaunch" is-config="true" duration-ms="30108" started-at="2019-07-28T19:07:40Z" finished-at="2019-07-28T19:08:10Z">
          <reporter-output>
          </reporter-output>
        </test-method> <!-- browserLaunch -->
        <test-method status="PASS" signature="initObject()[pri:0, instance:com.seleniumeasy.RunnerClass.DriverScript@357246de]" name="initObject" is-config="true" duration-ms="136" started-at="2019-07-28T19:08:11Z" finished-at="2019-07-28T19:08:11Z">
          <reporter-output>
          </reporter-output>
        </test-method> <!-- initObject -->
        <test-method status="SKIP" signature="submitFormTest(java.lang.String, java.lang.String, java.lang.String, java.lang.String, java.lang.String)[pri:0, instance:com.seleniumeasy.RunnerClass.DriverScript@357246de]" name="submitFormTest" duration-ms="0" started-at="2019-07-28T19:08:11Z" data-provider="DataCollection_SubmitForm" finished-at="2019-07-28T19:08:11Z">
          <exception class="org.testng.TestNGException">
            <message>
              <![CDATA[
Method public void com.seleniumeasy.RunnerClass.DriverScript.submitFormTest(java.lang.String,java.lang.String,java.lang.String,java.lang.String,java.lang.String) throws java.lang.InterruptedException requires a @DataProvider named : DataCollection_SubmitForm in class com.seleniumeasy.DataCollection.DataCollections]]>
            </message>
            <full-stacktrace>
              <![CDATA[org.testng.TestNGException: 
Method public void com.seleniumeasy.RunnerClass.DriverScript.submitFormTest(java.lang.String,java.lang.String,java.lang.String,java.lang.String,java.lang.String) throws java.lang.InterruptedException requires a @DataProvider named : DataCollection_SubmitForm in class com.seleniumeasy.DataCollection.DataCollections
	at org.testng.internal.Parameters.findDataProvider(Parameters.java:263)
	at org.testng.internal.Parameters.handleParameters(Parameters.java:419)
	at org.testng.internal.Invoker.handleParameters(Invoker.java:1276)
	at org.testng.internal.Invoker.createParameters(Invoker.java:991)
	at org.testng.internal.Invoker.invokeTestMethods(Invoker.java:1081)
	at org.testng.internal.TestMethodWorker.invokeTestMethods(TestMethodWorker.java:129)
	at org.testng.internal.TestMethodWorker.run(TestMethodWorker.java:112)
	at org.testng.TestRunner.privateRun(TestRunner.java:782)
	at org.testng.TestRunner.run(TestRunner.java:632)
	at org.testng.SuiteRunner.runTest(SuiteRunner.java:366)
	at org.testng.SuiteRunner.runSequentially(SuiteRunner.java:361)
	at org.testng.SuiteRunner.privateRun(SuiteRunner.java:319)
	at org.testng.SuiteRunner.run(SuiteRunner.java:268)
	at org.testng.SuiteRunnerWorker.runSuite(SuiteRunnerWorker.java:52)
	at org.testng.SuiteRunnerWorker.run(SuiteRunnerWorker.java:86)
	at org.testng.TestNG.runSuitesSequentially(TestNG.java:1244)
	at org.testng.TestNG.runSuitesLocally(TestNG.java:1169)
	at org.testng.TestNG.run(TestNG.java:1064)
	at org.testng.remote.RemoteTestNG.run(RemoteTestNG.java:113)
	at org.testng.remote.RemoteTestNG.initAndRun(RemoteTestNG.java:206)
	at org.testng.remote.RemoteTestNG.main(RemoteTestNG.java:177)
]]>
            </full-stacktrace>
          </exception> <!-- org.testng.TestNGException -->
          <reporter-output>
          </reporter-output>
        </test-method> <!-- submitFormTest -->
        <test-method status="PASS" signature="closeBrowser()[pri:0, instance:com.seleniumeasy.RunnerClass.DriverScript@357246de]" name="closeBrowser" is-config="true" duration-ms="4242" started-at="2019-07-28T19:08:11Z" finished-at="2019-07-28T19:08:15Z">
          <reporter-output>
          </reporter-output>
        </test-method> <!-- closeBrowser -->
      </class> <!-- com.seleniumeasy.RunnerClass.DriverScript -->
    </test> <!-- Default test -->
  </suite> <!-- Default suite -->
</testng-results>
